<?xml version="1.0" encoding="UTF-8"?>
<testng-results skipped="0" failed="0" ignored="0" total="1" passed="1">
  <reporter-output>
  </reporter-output>
  <suite name="Suite" duration-ms="16077" started-at="2017-04-17T14:35:10Z" finished-at="2017-04-17T14:35:26Z">
    <groups>
    </groups>
    <test name="Test" duration-ms="16077" started-at="2017-04-17T14:35:10Z" finished-at="2017-04-17T14:35:26Z">
      <class name="nani.Myfirsrt_java">
        <test-method status="PASS" signature="Logincheck()[pri:0, instance:nani.Myfirsrt_java@4ec6a292]" name="Logincheck" duration-ms="16054" started-at="2017-04-17T10:35:10Z" finished-at="2017-04-17T10:35:26Z">
          <reporter-output>
          </reporter-output>
        </test-method> <!-- Logincheck -->
      </class> <!-- nani.Myfirsrt_java -->
    </test> <!-- Test -->
  </suite> <!-- Suite -->
</testng-results>
